INFO:     Started server process [2833190]
INFO:     Waiting for application startup.
INFO:     Application startup complete.
INFO:     Uvicorn running on http://0.0.0.0:8000 (Press CTRL+C to quit)
INFO:     fdbd:dc07:fe:4005::2664:0 - "GET / HTTP/1.1" 200 OK
INFO:     fdbd:dc07:fe:4005::204b:0 - "GET /assets/index-DEok8m9Q.css HTTP/1.1" 200 OK
INFO:     fdbd:dc07:fe:4005::2574:0 - "GET /assets/index-CsxLiBEc.js HTTP/1.1" 200 OK
INFO:     fdbd:dc07:fe:4005::2761:0 - "GET /api/notebooks HTTP/1.1" 200 OK
INFO:     fdbd:dc07:fe:4005::215c:0 - "GET /api/notes HTTP/1.1" 200 OK
INFO:     fdbd:dc07:fe:4005::234d:0 - "GET /api/model-config HTTP/1.1" 200 OK
INFO:     fdbd:dc07:fe:4005::2042:0 - "GET /api/tasks HTTP/1.1" 200 OK
INFO:     fdbd:dc07:fe:4005::2026:0 - "GET /api/trash HTTP/1.1" 200 OK
INFO:     fdbd:dc07:fe:4005::2326:0 - "GET /favicon.svg HTTP/1.1" 200 OK
INFO:     fdbd:dc07:fe:4005::275c:0 - "GET / HTTP/1.1" 200 OK
INFO:     fdbd:dc07:fe:4005::204c:0 - "GET /assets/index-CsxLiBEc.js HTTP/1.1" 200 OK
INFO:     fdbd:dc07:fe:4005::2752:0 - "GET /assets/index-DEok8m9Q.css HTTP/1.1" 200 OK
INFO:     fdbd:dc07:fe:4005::2048:0 - "GET /api/notebooks HTTP/1.1" 200 OK
INFO:     fdbd:dc07:fe:4005::2720:0 - "GET /api/notes HTTP/1.1" 200 OK
INFO:     fdbd:dc07:fe:4005::2529:0 - "GET /api/tasks HTTP/1.1" 200 OK
INFO:     fdbd:dc07:fe:4005::2725:0 - "GET /api/model-config HTTP/1.1" 200 OK
INFO:     fdbd:dc07:fe:4005::2345:0 - "GET /api/trash HTTP/1.1" 200 OK
INFO:     fdbd:dc07:fe:4005::2640:0 - "GET /favicon.svg HTTP/1.1" 200 OK
INFO:     fdbd:dc07:fe:4005::2645:0 - "POST /api/media/upload/init HTTP/1.1" 200 OK
INFO:     fdbd:dc07:fe:4005::2143:0 - "POST /api/media/upload/chunk HTTP/1.1" 200 OK
INFO:     fdbd:dc07:fe:4005::2318:0 - "POST /api/media/upload/chunk HTTP/1.1" 200 OK
INFO:     fdbd:dc07:fe:4005::2142:0 - "POST /api/media/upload/chunk HTTP/1.1" 200 OK
INFO:     fdbd:dc07:fe:4005::2461:0 - "POST /api/media/upload/chunk HTTP/1.1" 200 OK
INFO:     fdbd:dc07:fe:4005::205c:0 - "POST /api/media/upload/chunk HTTP/1.1" 200 OK
INFO:     fdbd:dc07:fe:4005::221d:0 - "POST /api/media/upload/chunk HTTP/1.1" 200 OK
INFO:     fdbd:dc07:fe:4005::2548:0 - "POST /api/media/upload/chunk HTTP/1.1" 200 OK
INFO:     fdbd:dc07:fe:4005::276b:0 - "POST /api/media/upload/chunk HTTP/1.1" 200 OK
INFO:     fdbd:dc07:fe:4005::2426:0 - "POST /api/media/upload/chunk HTTP/1.1" 200 OK
INFO:     fdbd:dc07:fe:4005::204f:0 - "POST /api/media/upload/chunk HTTP/1.1" 200 OK
INFO:     fdbd:dc07:fe:4005::2547:0 - "POST /api/media/upload/chunk HTTP/1.1" 200 OK
INFO:     fdbd:dc07:fe:4005::2246:0 - "POST /api/media/upload/chunk HTTP/1.1" 200 OK
INFO:     fdbd:dc07:fe:4005::2433:0 - "POST /api/media/upload/chunk HTTP/1.1" 200 OK
INFO:     fdbd:dc07:fe:4005::215f:0 - "POST /api/media/upload/chunk HTTP/1.1" 200 OK
INFO:     fdbd:dc07:fe:4005::2327:0 - "POST /api/media/upload/chunk HTTP/1.1" 200 OK
INFO:     fdbd:dc07:fe:4005::2257:0 - "POST /api/media/upload/chunk HTTP/1.1" 200 OK
INFO:     fdbd:dc07:fe:4005::234d:0 - "PUT /api/notes/2 HTTP/1.1" 200 OK
INFO:     fdbd:dc07:fe:4005::2050:0 - "POST /api/media/upload/chunk HTTP/1.1" 200 OK
INFO:     fdbd:dc07:fe:4005::2037:0 - "POST /api/media/upload/chunk HTTP/1.1" 200 OK
INFO:     fdbd:dc07:fe:4005::2362:0 - "POST /api/media/upload/chunk HTTP/1.1" 200 OK
INFO:     fdbd:dc07:fe:4005::234e:0 - "POST /api/media/upload/chunk HTTP/1.1" 200 OK
INFO:     fdbd:dc07:fe:4005::265c:0 - "POST /api/media/upload/chunk HTTP/1.1" 200 OK
INFO:     fdbd:dc07:fe:4005::2753:0 - "POST /api/media/upload/chunk HTTP/1.1" 200 OK
INFO:     fdbd:dc07:fe:4005::252b:0 - "POST /api/media/upload/chunk HTTP/1.1" 200 OK
INFO:     fdbd:dc07:fe:4005::2367:0 - "POST /api/media/upload/chunk HTTP/1.1" 200 OK
INFO:     fdbd:dc07:fe:4005::214e:0 - "POST /api/media/upload/chunk HTTP/1.1" 200 OK
INFO:     fdbd:dc07:fe:4005::2708:0 - "POST /api/media/upload/chunk HTTP/1.1" 200 OK
INFO:     fdbd:dc07:fe:4005::2747:0 - "POST /api/media/upload/chunk HTTP/1.1" 200 OK
INFO:     fdbd:dc07:fe:4005::2657:0 - "POST /api/media/upload/chunk HTTP/1.1" 200 OK
INFO:     fdbd:dc07:fe:4005::2566:0 - "POST /api/media/upload/chunk HTTP/1.1" 200 OK
INFO:     fdbd:dc07:fe:4005::2150:0 - "POST /api/media/upload/chunk HTTP/1.1" 200 OK
INFO:     fdbd:dc07:fe:4005::273c:0 - "POST /api/media/upload/complete HTTP/1.1" 200 OK
INFO:     fdbd:dc07:fe:4005::2047:0 - "GET / HTTP/1.1" 200 OK
INFO:     fdbd:dc07:fe:4005::2242:0 - "GET /assets/index-CIXTMbAi.js HTTP/1.1" 200 OK
INFO:     fdbd:dc07:fe:4005::2739:0 - "GET /assets/index-DEok8m9Q.css HTTP/1.1" 200 OK
INFO:     fdbd:dc07:fe:4005::2234:0 - "GET /api/notebooks HTTP/1.1" 200 OK
INFO:     fdbd:dc07:fe:4005::2562:0 - "GET /api/notes HTTP/1.1" 200 OK
INFO:     fdbd:dc07:fe:4005::213b:0 - "GET /api/model-config HTTP/1.1" 200 OK
INFO:     fdbd:dc07:fe:4005::2331:0 - "GET /api/tasks HTTP/1.1" 200 OK
INFO:     fdbd:dc07:fe:4005::2436:0 - "GET /api/trash HTTP/1.1" 200 OK
INFO:     fdbd:dc07:fe:4005::206d:0 - "GET /favicon.svg HTTP/1.1" 200 OK
INFO:     fdbd:dc07:fe:4005::217d:0 - "GET / HTTP/1.1" 200 OK
INFO:     fdbd:dc07:fe:4005::2759:0 - "GET /api/notebooks HTTP/1.1" 200 OK
INFO:     fdbd:dc07:fe:4005::2635:0 - "GET /api/notes HTTP/1.1" 200 OK
INFO:     fdbd:dc07:fe:4005::2525:0 - "GET /api/tasks HTTP/1.1" 200 OK
INFO:     fdbd:dc07:fe:4005::2042:0 - "GET /api/model-config HTTP/1.1" 200 OK
INFO:     fdbd:dc07:fe:4005::203a:0 - "GET /api/trash HTTP/1.1" 200 OK
INFO:     fdbd:dc07:fe:4005::2656:0 - "GET / HTTP/1.1" 200 OK
INFO:     fdbd:dc07:fe:4005::2643:0 - "GET /assets/index-BWgvd40t.js HTTP/1.1" 200 OK
INFO:     fdbd:dc07:fe:4005::273a:0 - "GET /assets/index-DEok8m9Q.css HTTP/1.1" 200 OK
INFO:     fdbd:dc07:fe:4005::2051:0 - "GET /api/notebooks HTTP/1.1" 200 OK
INFO:     fdbd:dc07:fe:4005::2035:0 - "GET /api/notes HTTP/1.1" 200 OK
INFO:     fdbd:dc07:fe:4005::2434:0 - "GET /api/model-config HTTP/1.1" 200 OK
INFO:     fdbd:dc07:fe:4005::2108:0 - "GET /api/tasks HTTP/1.1" 200 OK
INFO:     fdbd:dc07:fe:4005::202c:0 - "GET /api/trash HTTP/1.1" 200 OK
INFO:     fdbd:dc07:fe:4005::2783:0 - "GET /favicon.svg HTTP/1.1" 200 OK
INFO:     fdbd:dc07:fe:4005::2258:0 - "PUT /api/notes/2 HTTP/1.1" 200 OK
INFO:     fdbd:dc07:fe:4005::264d:0 - "GET / HTTP/1.1" 200 OK
INFO:     fdbd:dc07:fe:4005::205d:0 - "GET /assets/index-DEok8m9Q.css HTTP/1.1" 200 OK
INFO:     fdbd:dc07:fe:4005::2754:0 - "GET /assets/index-BWgvd40t.js HTTP/1.1" 200 OK
INFO:     fdbd:dc07:fe:4005::2235:0 - "GET /api/notes HTTP/1.1" 200 OK
INFO:     fdbd:dc07:fe:4005::2265:0 - "GET /api/tasks HTTP/1.1" 200 OK
INFO:     fdbd:dc07:fe:4005::2523:0 - "GET /favicon.svg HTTP/1.1" 200 OK
INFO:     fdbd:dc07:fe:4005::222b:0 - "GET /api/notebooks HTTP/1.1" 200 OK
INFO:     fdbd:dc07:fe:4005::2535:0 - "GET /api/model-config HTTP/1.1" 200 OK
INFO:     fdbd:dc07:fe:4005::2644:0 - "GET /api/trash HTTP/1.1" 200 OK
INFO:     fdbd:dc07:fe:4005::2725:0 - "PUT /api/notes/2 HTTP/1.1" 200 OK
INFO:     fdbd:dc07:fe:4005::2050:0 - "PUT /api/notes/2 HTTP/1.1" 200 OK
INFO:     fdbd:dc07:fe:4005::2462:0 - "POST /api/media/upload/init HTTP/1.1" 200 OK
INFO:     fdbd:dc07:fe:4005::2357:0 - "POST /api/media/upload/chunk HTTP/1.1" 200 OK
INFO:     fdbd:dc07:fe:4005::234a:0 - "POST /api/media/upload/chunk HTTP/1.1" 200 OK
INFO:     fdbd:dc07:fe:4005::2125:0 - "POST /api/media/upload/chunk HTTP/1.1" 200 OK
INFO:     fdbd:dc07:fe:4005::212f:0 - "POST /api/media/upload/chunk HTTP/1.1" 200 OK
INFO:     fdbd:dc07:fe:4005::2247:0 - "POST /api/media/upload/chunk HTTP/1.1" 200 OK
INFO:     fdbd:dc07:fe:4005::264e:0 - "POST /api/media/upload/chunk HTTP/1.1" 200 OK
INFO:     fdbd:dc07:fe:4005::2436:0 - "POST /api/media/upload/chunk HTTP/1.1" 200 OK
INFO:     fdbd:dc07:fe:4005::2149:0 - "POST /api/media/upload/chunk HTTP/1.1" 200 OK
INFO:     fdbd:dc07:fe:4005::2721:0 - "POST /api/media/upload/chunk HTTP/1.1" 200 OK
INFO:     fdbd:dc07:fe:4005::216a:0 - "PUT /api/notes/2 HTTP/1.1" 200 OK
INFO:     fdbd:dc07:fe:4005::2048:0 - "POST /api/media/upload/chunk HTTP/1.1" 200 OK
INFO:     fdbd:dc07:fe:4005::2641:0 - "POST /api/media/upload/chunk HTTP/1.1" 200 OK
INFO:     fdbd:dc07:fe:4005::2250:0 - "POST /api/media/upload/chunk HTTP/1.1" 200 OK
INFO:     fdbd:dc07:fe:4005::2577:0 - "POST /api/media/upload/chunk HTTP/1.1" 200 OK
INFO:     fdbd:dc07:fe:4005::2332:0 - "POST /api/media/upload/chunk HTTP/1.1" 200 OK
INFO:     fdbd:dc07:fe:4005::2051:0 - "GET /favicon.svg HTTP/1.1" 200 OK
INFO:     fdbd:dc07:fe:4005::2536:0 - "POST /api/media/upload/chunk HTTP/1.1" 200 OK
INFO:     fdbd:dc07:fe:4005::2516:0 - "POST /api/media/upload/chunk HTTP/1.1" 200 OK
INFO:     fdbd:dc07:fe:4005::2361:0 - "POST /api/media/upload/chunk HTTP/1.1" 200 OK
INFO:     fdbd:dc07:fe:4005::224a:0 - "POST /api/media/upload/chunk HTTP/1.1" 200 OK
INFO:     fdbd:dc07:fe:4005::2663:0 - "POST /api/media/upload/chunk HTTP/1.1" 200 OK
INFO:     fdbd:dc07:fe:4005::251c:0 - "POST /api/media/upload/chunk HTTP/1.1" 200 OK
INFO:     fdbd:dc07:fe:4005::262c:0 - "POST /api/media/upload/chunk HTTP/1.1" 200 OK
INFO:     fdbd:dc07:fe:4005::2325:0 - "POST /api/media/upload/chunk HTTP/1.1" 200 OK
INFO:     fdbd:dc07:fe:4005::2549:0 - "POST /api/media/upload/chunk HTTP/1.1" 200 OK
INFO:     fdbd:dc07:fe:4005::206e:0 - "POST /api/media/upload/chunk HTTP/1.1" 200 OK
INFO:     fdbd:dc07:fe:4005::2726:0 - "POST /api/media/upload/chunk HTTP/1.1" 200 OK
INFO:     fdbd:dc07:fe:4005::2153:0 - "POST /api/media/upload/chunk HTTP/1.1" 200 OK
INFO:     fdbd:dc07:fe:4005::2444:0 - "POST /api/media/upload/chunk HTTP/1.1" 200 OK
INFO:     fdbd:dc07:fe:4005::2727:0 - "POST /api/media/upload/chunk HTTP/1.1" 200 OK
INFO:     fdbd:dc07:fe:4005::2339:0 - "POST /api/media/upload/chunk HTTP/1.1" 200 OK
INFO:     fdbd:dc07:fe:4005::2247:0 - "POST /api/media/upload/chunk HTTP/1.1" 200 OK
INFO:     fdbd:dc07:fe:4005::2327:0 - "POST /api/media/upload/complete HTTP/1.1" 200 OK
INFO:     fdbd:dc07:fe:4005::217e:0 - "GET /api/media/files/7728e3c9-ac1f-4e11-b7fc-51d55e641919.mp4 HTTP/1.1" 206 Partial Content
INFO:     fdbd:dc07:fe:4005::235e:0 - "PUT /api/notes/2 HTTP/1.1" 200 OK
INFO:     fdbd:dc07:fe:4005::2762:0 - "GET /api/media/files/7728e3c9-ac1f-4e11-b7fc-51d55e641919.mp4 HTTP/1.1" 206 Partial Content
INFO:     fdbd:dc07:fe:4005::2236:0 - "GET /api/media/files/7728e3c9-ac1f-4e11-b7fc-51d55e641919.mp4 HTTP/1.1" 206 Partial Content
INFO:     fdbd:dc07:fe:4005::2429:0 - "GET /api/media/files/7728e3c9-ac1f-4e11-b7fc-51d55e641919.mp4 HTTP/1.1" 304 Not Modified
INFO:     fdbd:dc07:fe:4005::2664:0 - "GET /api/media/files/7728e3c9-ac1f-4e11-b7fc-51d55e641919.mp4 HTTP/1.1" 206 Partial Content
INFO:     fdbd:dc07:fe:4005::2350:0 - "GET /api/media/files/7728e3c9-ac1f-4e11-b7fc-51d55e641919.mp4 HTTP/1.1" 304 Not Modified
INFO:     fdbd:dc07:fe:4005::225f:0 - "POST /api/media/upload/init HTTP/1.1" 200 OK
INFO:     fdbd:dc07:fe:4005::2578:0 - "POST /api/media/upload/chunk HTTP/1.1" 200 OK
INFO:     fdbd:dc07:fe:4005::2751:0 - "POST /api/media/upload/complete HTTP/1.1" 200 OK
INFO:     fdbd:dc07:fe:4005::2350:0 - "GET /api/media/files/87eaac96-2310-48b0-a18c-65bfd91afa00.pdf HTTP/1.1" 200 OK
INFO:     fdbd:dc07:fe:4005::2742:0 - "GET /favicon.ico HTTP/1.1" 200 OK
INFO:     fdbd:dc07:fe:4005::2748:0 - "GET / HTTP/1.1" 200 OK
INFO:     fdbd:dc07:fe:4005::2065:0 - "GET /assets/index-BJOctyA1.js HTTP/1.1" 200 OK
INFO:     fdbd:dc07:fe:4005::2437:0 - "GET /assets/index-DEok8m9Q.css HTTP/1.1" 200 OK
INFO:     fdbd:dc07:fe:4005::214f:0 - "GET /api/notebooks HTTP/1.1" 200 OK
INFO:     fdbd:dc07:fe:4005::274b:0 - "GET /api/notes HTTP/1.1" 200 OK
INFO:     fdbd:dc07:fe:4005::2342:0 - "GET /api/model-config HTTP/1.1" 200 OK
INFO:     fdbd:dc07:fe:4005::264f:0 - "GET /api/tasks HTTP/1.1" 200 OK
INFO:     fdbd:dc07:fe:4005::2567:0 - "GET /api/trash HTTP/1.1" 200 OK
INFO:     fdbd:dc07:fe:4005::2328:0 - "GET /favicon.svg HTTP/1.1" 200 OK
INFO:     fdbd:dc07:fe:4005::224f:0 - "GET /api/media/files/7728e3c9-ac1f-4e11-b7fc-51d55e641919.mp4 HTTP/1.1" 304 Not Modified
INFO:     fdbd:dc07:fe:4005::223c:0 - "GET /api/media/files/7728e3c9-ac1f-4e11-b7fc-51d55e641919.mp4 HTTP/1.1" 206 Partial Content
INFO:     fdbd:dc07:fe:4005::2726:0 - "GET /api/media/files/7728e3c9-ac1f-4e11-b7fc-51d55e641919.mp4 HTTP/1.1" 206 Partial Content
INFO:     fdbd:dc07:fe:4005::2424:0 - "GET /api/media/files/7728e3c9-ac1f-4e11-b7fc-51d55e641919.mp4 HTTP/1.1" 206 Partial Content
INFO:     fdbd:dc07:fe:4005::2326:0 - "GET /api/media/files/7728e3c9-ac1f-4e11-b7fc-51d55e641919.mp4 HTTP/1.1" 206 Partial Content
INFO:     fdbd:dc07:fe:4005::2344:0 - "POST /api/media/upload/init HTTP/1.1" 200 OK
INFO:     fdbd:dc07:fe:4005::235f:0 - "POST /api/media/upload/chunk HTTP/1.1" 200 OK
INFO:     fdbd:dc07:fe:4005::2457:0 - "POST /api/media/upload/complete HTTP/1.1" 200 OK
INFO:     fdbd:dc07:fe:4005::2644:0 - "GET /api/media/files/510ffe6e-e173-4cfa-8a30-4580c96cdba7.pdf HTTP/1.1" 200 OK
INFO:     fdbd:dc07:fe:4005::2447:0 - "PUT /api/notes/2 HTTP/1.1" 200 OK
INFO:     fdbd:dc07:fe:4005::213a:0 - "POST /api/media/upload/init HTTP/1.1" 200 OK
INFO:     fdbd:dc07:fe:4005::2250:0 - "POST /api/media/upload/chunk HTTP/1.1" 200 OK
INFO:     fdbd:dc07:fe:4005::2645:0 - "POST /api/media/upload/complete HTTP/1.1" 200 OK
INFO:     fdbd:dc07:fe:4005::2546:0 - "GET /api/media/files/4b51a78d-444a-4050-bcee-5b2a49af7b49.png HTTP/1.1" 200 OK
INFO:     fdbd:dc07:fe:4005::2250:0 - "PUT /api/notes/2 HTTP/1.1" 200 OK
INFO:     fdbd:dc07:fe:4005::2763:0 - "POST /api/media/upload/init HTTP/1.1" 200 OK
INFO:     fdbd:dc07:fe:4005::275a:0 - "PUT /api/notes/2 HTTP/1.1" 200 OK
INFO:     fdbd:dc07:fe:4005::266c:0 - "POST /api/media/upload/chunk HTTP/1.1" 200 OK
INFO:     fdbd:dc07:fe:4005::256b:0 - "POST /api/media/upload/chunk HTTP/1.1" 200 OK
INFO:     fdbd:dc07:fe:4005::2351:0 - "POST /api/media/upload/chunk HTTP/1.1" 200 OK
INFO:     fdbd:dc07:fe:4005::2061:0 - "POST /api/media/upload/chunk HTTP/1.1" 200 OK
INFO:     fdbd:dc07:fe:4005::223c:0 - "POST /api/media/upload/chunk HTTP/1.1" 200 OK
INFO:     fdbd:dc07:fe:4005::2517:0 - "POST /api/media/upload/chunk HTTP/1.1" 200 OK
INFO:     fdbd:dc07:fe:4005::2568:0 - "POST /api/media/upload/chunk HTTP/1.1" 200 OK
INFO:     fdbd:dc07:fe:4005::2049:0 - "POST /api/media/upload/chunk HTTP/1.1" 200 OK
INFO:     fdbd:dc07:fe:4005::2749:0 - "POST /api/media/upload/chunk HTTP/1.1" 200 OK
INFO:     fdbd:dc07:fe:4005::265d:0 - "POST /api/media/upload/chunk HTTP/1.1" 200 OK
INFO:     fdbd:dc07:fe:4005::2351:0 - "POST /api/media/upload/chunk HTTP/1.1" 200 OK
INFO:     fdbd:dc07:fe:4005::267b:0 - "POST /api/media/upload/chunk HTTP/1.1" 200 OK
INFO:     fdbd:dc07:fe:4005::2468:0 - "POST /api/media/upload/chunk HTTP/1.1" 200 OK
INFO:     fdbd:dc07:fe:4005::2049:0 - "POST /api/media/upload/chunk HTTP/1.1" 200 OK
INFO:     fdbd:dc07:fe:4005::2352:0 - "POST /api/media/upload/chunk HTTP/1.1" 200 OK
INFO:     fdbd:dc07:fe:4005::2266:0 - "POST /api/media/upload/chunk HTTP/1.1" 200 OK
INFO:     fdbd:dc07:fe:4005::275c:0 - "POST /api/media/upload/chunk HTTP/1.1" 200 OK
INFO:     fdbd:dc07:fe:4005::2062:0 - "POST /api/media/upload/chunk HTTP/1.1" 200 OK
INFO:     fdbd:dc07:fe:4005::223e:0 - "POST /api/media/upload/chunk HTTP/1.1" 200 OK
INFO:     fdbd:dc07:fe:4005::2151:0 - "POST /api/media/upload/chunk HTTP/1.1" 200 OK
INFO:     fdbd:dc07:fe:4005::2350:0 - "POST /api/media/upload/chunk HTTP/1.1" 200 OK
INFO:     fdbd:dc07:fe:4005::2249:0 - "POST /api/media/upload/chunk HTTP/1.1" 200 OK
INFO:     fdbd:dc07:fe:4005::2140:0 - "POST /api/media/upload/chunk HTTP/1.1" 200 OK
INFO:     fdbd:dc07:fe:4005::273a:0 - "POST /api/media/upload/chunk HTTP/1.1" 200 OK
INFO:     fdbd:dc07:fe:4005::2135:0 - "POST /api/media/upload/chunk HTTP/1.1" 200 OK
INFO:     fdbd:dc07:fe:4005::2053:0 - "POST /api/media/upload/chunk HTTP/1.1" 200 OK
INFO:     fdbd:dc07:fe:4005::2458:0 - "POST /api/media/upload/chunk HTTP/1.1" 200 OK
INFO:     fdbd:dc07:fe:4005::2547:0 - "POST /api/media/upload/chunk HTTP/1.1" 200 OK
INFO:     fdbd:dc07:fe:4005::205f:0 - "POST /api/media/upload/chunk HTTP/1.1" 200 OK
INFO:     fdbd:dc07:fe:4005::2257:0 - "POST /api/media/upload/chunk HTTP/1.1" 200 OK
INFO:     fdbd:dc07:fe:4005::2567:0 - "POST /api/media/upload/chunk HTTP/1.1" 200 OK
INFO:     fdbd:dc07:fe:4005::262d:0 - "POST /api/media/upload/chunk HTTP/1.1" 200 OK
INFO:     fdbd:dc07:fe:4005::2438:0 - "POST /api/media/upload/chunk HTTP/1.1" 200 OK
INFO:     fdbd:dc07:fe:4005::2469:0 - "POST /api/media/upload/chunk HTTP/1.1" 200 OK
INFO:     fdbd:dc07:fe:4005::264e:0 - "POST /api/media/upload/chunk HTTP/1.1" 200 OK
INFO:     fdbd:dc07:fe:4005::2568:0 - "POST /api/media/upload/chunk HTTP/1.1" 200 OK
INFO:     fdbd:dc07:fe:4005::2362:0 - "POST /api/media/upload/chunk HTTP/1.1" 200 OK
INFO:     fdbd:dc07:fe:4005::2646:0 - "POST /api/media/upload/chunk HTTP/1.1" 200 OK
INFO:     fdbd:dc07:fe:4005::202d:0 - "POST /api/media/upload/chunk HTTP/1.1" 200 OK
INFO:     fdbd:dc07:fe:4005::2637:0 - "POST /api/media/upload/chunk HTTP/1.1" 200 OK
INFO:     fdbd:dc07:fe:4005::2763:0 - "POST /api/media/upload/chunk HTTP/1.1" 200 OK
INFO:     fdbd:dc07:fe:4005::214b:0 - "POST /api/media/upload/chunk HTTP/1.1" 200 OK
INFO:     fdbd:dc07:fe:4005::223f:0 - "POST /api/media/upload/chunk HTTP/1.1" 200 OK
INFO:     fdbd:dc07:fe:4005::2360:0 - "POST /api/media/upload/chunk HTTP/1.1" 200 OK
INFO:     fdbd:dc07:fe:4005::2671:0 - "POST /api/media/upload/chunk HTTP/1.1" 200 OK
INFO:     fdbd:dc07:fe:4005::2444:0 - "POST /api/media/upload/chunk HTTP/1.1" 200 OK
INFO:     fdbd:dc07:fe:4005::266d:0 - "POST /api/media/upload/chunk HTTP/1.1" 200 OK
INFO:     fdbd:dc07:fe:4005::2727:0 - "POST /api/media/upload/chunk HTTP/1.1" 200 OK
INFO:     fdbd:dc07:fe:4005::273b:0 - "POST /api/media/upload/chunk HTTP/1.1" 200 OK
INFO:     fdbd:dc07:fe:4005::215e:0 - "POST /api/media/upload/chunk HTTP/1.1" 200 OK
INFO:     fdbd:dc07:fe:4005::2459:0 - "POST /api/media/upload/chunk HTTP/1.1" 200 OK
INFO:     fdbd:dc07:fe:4005::2143:0 - "POST /api/media/upload/chunk HTTP/1.1" 200 OK
INFO:     fdbd:dc07:fe:4005::262b:0 - "POST /api/media/upload/chunk HTTP/1.1" 200 OK
INFO:     fdbd:dc07:fe:4005::2465:0 - "POST /api/media/upload/chunk HTTP/1.1" 200 OK
INFO:     fdbd:dc07:fe:4005::2646:0 - "POST /api/media/upload/chunk HTTP/1.1" 200 OK
INFO:     fdbd:dc07:fe:4005::273d:0 - "POST /api/media/upload/chunk HTTP/1.1" 200 OK
INFO:     fdbd:dc07:fe:4005::2136:0 - "POST /api/media/upload/chunk HTTP/1.1" 200 OK
INFO:     fdbd:dc07:fe:4005::2038:0 - "POST /api/media/upload/chunk HTTP/1.1" 200 OK
INFO:     fdbd:dc07:fe:4005::2447:0 - "POST /api/media/upload/chunk HTTP/1.1" 200 OK
INFO:     fdbd:dc07:fe:4005::2764:0 - "POST /api/media/upload/chunk HTTP/1.1" 200 OK
INFO:     fdbd:dc07:fe:4005::2755:0 - "POST /api/media/upload/chunk HTTP/1.1" 200 OK
INFO:     fdbd:dc07:fe:4005::2363:0 - "POST /api/media/upload/chunk HTTP/1.1" 200 OK
INFO:     fdbd:dc07:fe:4005::2260:0 - "POST /api/media/upload/chunk HTTP/1.1" 200 OK
INFO:     fdbd:dc07:fe:4005::2155:0 - "POST /api/media/upload/chunk HTTP/1.1" 200 OK
INFO:     fdbd:dc07:fe:4005::275d:0 - "POST /api/media/upload/chunk HTTP/1.1" 200 OK
INFO:     fdbd:dc07:fe:4005::213c:0 - "POST /api/media/upload/chunk HTTP/1.1" 200 OK
INFO:     fdbd:dc07:fe:4005::2743:0 - "POST /api/media/upload/chunk HTTP/1.1" 200 OK
INFO:     fdbd:dc07:fe:4005::251f:0 - "POST /api/media/upload/chunk HTTP/1.1" 200 OK
INFO:     fdbd:dc07:fe:4005::2049:0 - "POST /api/media/upload/chunk HTTP/1.1" 200 OK
INFO:     fdbd:dc07:fe:4005::2435:0 - "POST /api/media/upload/chunk HTTP/1.1" 200 OK
INFO:     fdbd:dc07:fe:4005::2550:0 - "POST /api/media/upload/chunk HTTP/1.1" 200 OK
INFO:     fdbd:dc07:fe:4005::2269:0 - "POST /api/media/upload/chunk HTTP/1.1" 200 OK
INFO:     fdbd:dc07:fe:4005::213d:0 - "POST /api/media/upload/chunk HTTP/1.1" 200 OK
INFO:     fdbd:dc07:fe:4005::2361:0 - "POST /api/media/upload/chunk HTTP/1.1" 200 OK
INFO:     fdbd:dc07:fe:4005::2549:0 - "POST /api/media/upload/chunk HTTP/1.1" 200 OK
INFO:     fdbd:dc07:fe:4005::2150:0 - "POST /api/media/upload/init HTTP/1.1" 200 OK
INFO:     fdbd:dc07:fe:4005::274a:0 - "POST /api/media/upload/chunk HTTP/1.1" 200 OK
INFO:     fdbd:dc07:fe:4005::2727:0 - "POST /api/media/upload/chunk HTTP/1.1" 200 OK
INFO:     fdbd:dc07:fe:4005::2439:0 - "POST /api/media/upload/chunk HTTP/1.1" 200 OK
INFO:     fdbd:dc07:fe:4005::204d:0 - "POST /api/media/upload/chunk HTTP/1.1" 200 OK
INFO:     fdbd:dc07:fe:4005::2715:0 - "POST /api/media/upload/chunk HTTP/1.1" 200 OK
INFO:     fdbd:dc07:fe:4005::252c:0 - "POST /api/media/upload/complete HTTP/1.1" 200 OK
INFO:     fdbd:dc07:fe:4005::2665:0 - "POST /api/media/upload/chunk HTTP/1.1" 200 OK
INFO:     fdbd:dc07:fe:4005::2156:0 - "POST /api/media/upload/chunk HTTP/1.1" 200 OK
INFO:     fdbd:dc07:fe:4005::2579:0 - "PUT /api/notes/2 HTTP/1.1" 200 OK
INFO:     fdbd:dc07:fe:4005::2722:0 - "POST /api/media/upload/chunk HTTP/1.1" 200 OK
INFO:     fdbd:dc07:fe:4005::2267:0 - "POST /api/media/upload/chunk HTTP/1.1" 200 OK
INFO:     fdbd:dc07:fe:4005::2463:0 - "POST /api/media/upload/chunk HTTP/1.1" 200 OK
INFO:     fdbd:dc07:fe:4005::2544:0 - "POST /api/media/upload/chunk HTTP/1.1" 200 OK
INFO:     fdbd:dc07:fe:4005::2119:0 - "POST /api/media/upload/chunk HTTP/1.1" 200 OK
INFO:     fdbd:dc07:fe:4005::2545:0 - "POST /api/media/upload/chunk HTTP/1.1" 200 OK
INFO:     fdbd:dc07:fe:4005::2236:0 - "POST /api/media/upload/chunk HTTP/1.1" 200 OK
INFO:     fdbd:dc07:fe:4005::261d:0 - "POST /api/media/upload/chunk HTTP/1.1" 200 OK
INFO:     fdbd:dc07:fe:4005::255d:0 - "PUT /api/notes/2 HTTP/1.1" 200 OK
INFO:     fdbd:dc07:fe:4005::2551:0 - "POST /api/media/upload/chunk HTTP/1.1" 200 OK
INFO:     fdbd:dc07:fe:4005::2658:0 - "POST /api/media/upload/chunk HTTP/1.1" 200 OK
INFO:     fdbd:dc07:fe:4005::226a:0 - "POST /api/media/upload/chunk HTTP/1.1" 200 OK
INFO:     fdbd:dc07:fe:4005::252d:0 - "POST /api/media/upload/chunk HTTP/1.1" 200 OK
INFO:     fdbd:dc07:fe:4005::2709:0 - "POST /api/media/upload/chunk HTTP/1.1" 200 OK
INFO:     fdbd:dc07:fe:4005::223d:0 - "POST /api/media/upload/chunk HTTP/1.1" 200 OK
INFO:     fdbd:dc07:fe:4005::217f:0 - "POST /api/media/upload/chunk HTTP/1.1" 200 OK
INFO:     fdbd:dc07:fe:4005::262e:0 - "POST /api/media/upload/chunk HTTP/1.1" 200 OK
INFO:     fdbd:dc07:fe:4005::2180:0 - "POST /api/media/upload/chunk HTTP/1.1" 200 OK
INFO:     fdbd:dc07:fe:4005::2537:0 - "POST /api/media/upload/chunk HTTP/1.1" 200 OK
INFO:     fdbd:dc07:fe:4005::2344:0 - "POST /api/media/upload/chunk HTTP/1.1" 200 OK
INFO:     fdbd:dc07:fe:4005::264c:0 - "POST /api/media/upload/chunk HTTP/1.1" 200 OK
INFO:     fdbd:dc07:fe:4005::2045:0 - "POST /api/media/upload/chunk HTTP/1.1" 200 OK
INFO:     fdbd:dc07:fe:4005::2547:0 - "POST /api/media/upload/chunk HTTP/1.1" 200 OK
INFO:     fdbd:dc07:fe:4005::2522:0 - "POST /api/media/upload/chunk HTTP/1.1" 200 OK
INFO:     fdbd:dc07:fe:4005::2552:0 - "POST /api/media/upload/chunk HTTP/1.1" 200 OK
INFO:     fdbd:dc07:fe:4005::2723:0 - "POST /api/media/upload/chunk HTTP/1.1" 200 OK
INFO:     fdbd:dc07:fe:4005::2553:0 - "POST /api/media/upload/chunk HTTP/1.1" 200 OK
INFO:     fdbd:dc07:fe:4005::2343:0 - "POST /api/media/upload/chunk HTTP/1.1" 200 OK
INFO:     fdbd:dc07:fe:4005::275e:0 - "POST /api/media/upload/chunk HTTP/1.1" 200 OK
INFO:     fdbd:dc07:fe:4005::264c:0 - "POST /api/media/upload/chunk HTTP/1.1" 200 OK
INFO:     fdbd:dc07:fe:4005::204e:0 - "POST /api/media/upload/chunk HTTP/1.1" 200 OK
INFO:     fdbd:dc07:fe:4005::243f:0 - "POST /api/media/upload/chunk HTTP/1.1" 200 OK
INFO:     fdbd:dc07:fe:4005::265e:0 - "POST /api/media/upload/chunk HTTP/1.1" 200 OK
INFO:     fdbd:dc07:fe:4005::245a:0 - "POST /api/media/upload/chunk HTTP/1.1" 200 OK
INFO:     fdbd:dc07:fe:4005::2109:0 - "POST /api/media/upload/chunk HTTP/1.1" 200 OK
INFO:     fdbd:dc07:fe:4005::2251:0 - "POST /api/media/upload/chunk HTTP/1.1" 200 OK
INFO:     fdbd:dc07:fe:4005::271a:0 - "POST /api/media/upload/chunk HTTP/1.1" 200 OK
INFO:     fdbd:dc07:fe:4005::2524:0 - "POST /api/media/upload/chunk HTTP/1.1" 200 OK
INFO:     fdbd:dc07:fe:4005::2352:0 - "POST /api/media/upload/chunk HTTP/1.1" 200 OK
INFO:     fdbd:dc07:fe:4005::2144:0 - "POST /api/media/upload/chunk HTTP/1.1" 200 OK
INFO:     fdbd:dc07:fe:4005::2755:0 - "POST /api/media/upload/chunk HTTP/1.1" 200 OK
INFO:     fdbd:dc07:fe:4005::2428:0 - "POST /api/media/upload/chunk HTTP/1.1" 200 OK
INFO:     fdbd:dc07:fe:4005::2345:0 - "POST /api/media/upload/chunk HTTP/1.1" 200 OK
INFO:     fdbd:dc07:fe:4005::2625:0 - "POST /api/media/upload/chunk HTTP/1.1" 200 OK
INFO:     fdbd:dc07:fe:4005::262c:0 - "POST /api/media/upload/chunk HTTP/1.1" 200 OK
INFO:     fdbd:dc07:fe:4005::2650:0 - "POST /api/media/upload/chunk HTTP/1.1" 200 OK
INFO:     fdbd:dc07:fe:4005::243a:0 - "POST /api/media/upload/complete HTTP/1.1" 200 OK
INFO:     fdbd:dc07:fe:4005::222c:0 - "PUT /api/notes/2 HTTP/1.1" 200 OK
INFO:     fdbd:dc07:fe:4005::204a:0 - "POST /api/media/upload/init HTTP/1.1" 200 OK
INFO:     fdbd:dc07:fe:4005::264f:0 - "POST /api/media/upload/chunk HTTP/1.1" 200 OK
INFO:     fdbd:dc07:fe:4005::2424:0 - "POST /api/media/upload/chunk HTTP/1.1" 200 OK
INFO:     fdbd:dc07:fe:4005::204b:0 - "POST /api/media/upload/chunk HTTP/1.1" 200 OK
INFO:     fdbd:dc07:fe:4005::204f:0 - "POST /api/media/upload/complete HTTP/1.1" 200 OK
INFO:     fdbd:dc07:fe:4005::2243:0 - "GET /api/media/files/5f5a83bd-8c70-473a-a13f-0c1f2e1544f4.pdf HTTP/1.1" 200 OK
INFO:     fdbd:dc07:fe:4005::202e:0 - "PUT /api/notes/2 HTTP/1.1" 200 OK
INFO:     fdbd:dc07:fe:4005::2152:0 - "PUT /api/notes/2 HTTP/1.1" 200 OK
INFO:     fdbd:dc07:fe:4005::2062:0 - "PUT /api/notes/2 HTTP/1.1" 200 OK
INFO:     fdbd:dc07:fe:4005::2442:0 - "GET / HTTP/1.1" 200 OK
INFO:     fdbd:dc07:fe:4005::270a:0 - "GET /assets/index-DEok8m9Q.css HTTP/1.1" 200 OK
INFO:     fdbd:dc07:fe:4005::2756:0 - "GET /assets/index-BBp3phNv.js HTTP/1.1" 200 OK
INFO:     fdbd:dc07:fe:4005::223f:0 - "GET /api/notes HTTP/1.1" 200 OK
INFO:     fdbd:dc07:fe:4005::255a:0 - "GET /api/notebooks HTTP/1.1" 200 OK
INFO:     fdbd:dc07:fe:4005::240a:0 - "GET /api/tasks HTTP/1.1" 200 OK
INFO:     fdbd:dc07:fe:4005::2237:0 - "GET /api/model-config HTTP/1.1" 200 OK
INFO:     fdbd:dc07:fe:4005::273b:0 - "GET /api/trash HTTP/1.1" 200 OK
INFO:     fdbd:dc07:fe:4005::226b:0 - "GET /favicon.svg HTTP/1.1" 200 OK
INFO:     fdbd:dc07:fe:4005::275d:0 - "GET /api/media/files/4b51a78d-444a-4050-bcee-5b2a49af7b49.png HTTP/1.1" 304 Not Modified
INFO:     fdbd:dc07:fe:4005::2633:0 - "GET /api/media/files/7728e3c9-ac1f-4e11-b7fc-51d55e641919.mp4 HTTP/1.1" 304 Not Modified
INFO:     fdbd:dc07:fe:4005::234e:0 - "GET /api/media/files/7728e3c9-ac1f-4e11-b7fc-51d55e641919.mp4 HTTP/1.1" 206 Partial Content
INFO:     fdbd:dc07:fe:4005::240b:0 - "GET /api/media/files/7728e3c9-ac1f-4e11-b7fc-51d55e641919.mp4 HTTP/1.1" 206 Partial Content
INFO:     fdbd:dc07:fe:4005::213a:0 - "GET /api/media/files/7728e3c9-ac1f-4e11-b7fc-51d55e641919.mp4 HTTP/1.1" 206 Partial Content
INFO:     fdbd:dc07:fe:4005::2242:0 - "GET /api/media/files/7728e3c9-ac1f-4e11-b7fc-51d55e641919.mp4 HTTP/1.1" 206 Partial Content
INFO:     fdbd:dc07:fe:4005::234e:0 - "PUT /api/notes/2 HTTP/1.1" 200 OK
INFO:     fdbd:dc07:fe:4005::2665:0 - "GET /favicon.svg HTTP/1.1" 200 OK
INFO:     fdbd:dc07:fe:4005::2345:0 - "PUT /api/notes/2 HTTP/1.1" 200 OK
