INFO:     Started server process [1313965]
INFO:     Waiting for application startup.
INFO:     Application startup complete.
INFO:     Uvicorn running on http://0.0.0.0:8000 (Press CTRL+C to quit)
INFO:     fdbd:dc07:fe:4005::2146:0 - "GET / HTTP/1.1" 200 OK
INFO:     fdbd:dc07:fe:4005::2433:0 - "GET /assets/index-Dpwb2uh8.js HTTP/1.1" 200 OK
INFO:     fdbd:dc07:fe:4005::2360:0 - "GET /assets/index-BfMcJeh1.css HTTP/1.1" 200 OK
INFO:     fdbd:dc07:fe:4005::241f:0 - "GET /api/notes HTTP/1.1" 200 OK
INFO:     fdbd:dc07:fe:4005::2525:0 - "GET /api/notebooks HTTP/1.1" 200 OK
INFO:     fdbd:dc07:fe:4005::262b:0 - "GET /api/model-config HTTP/1.1" 200 OK
INFO:     fdbd:dc07:fe:4005::2434:0 - "GET /api/tasks HTTP/1.1" 200 OK
INFO:     fdbd:dc07:fe:4005::225c:0 - "GET /favicon.svg HTTP/1.1" 200 OK
INFO:     fdbd:dc07:fe:4005::2245:0 - "GET /api/trash HTTP/1.1" 200 OK
INFO:     fdbd:dc07:fe:4005::223d:0 - "PUT /api/notes/2 HTTP/1.1" 200 OK
INFO:     fdbd:dc07:fe:4005::2737:0 - "PUT /api/notes/2 HTTP/1.1" 200 OK
INFO:     fdbd:dc07:fe:4005::243f:0 - "PUT /api/notes/2 HTTP/1.1" 200 OK
INFO:     fdbd:dc07:fe:4005::2640:0 - "PUT /api/notes/2 HTTP/1.1" 200 OK
INFO:     fdbd:dc07:fe:4005::262f:0 - "GET / HTTP/1.1" 200 OK
INFO:     fdbd:dc07:fe:4005::2342:0 - "GET /assets/index-BfMcJeh1.css HTTP/1.1" 304 Not Modified
INFO:     fdbd:dc07:fe:4005::2137:0 - "GET /assets/index-Dpwb2uh8.js HTTP/1.1" 304 Not Modified
INFO:     fdbd:dc07:fe:4005::2350:0 - "GET /api/notebooks HTTP/1.1" 200 OK
INFO:     fdbd:dc07:fe:4005::2022:0 - "GET /api/notes HTTP/1.1" 200 OK
INFO:     fdbd:dc07:fe:4005::241f:0 - "GET /api/tasks HTTP/1.1" 200 OK
INFO:     fdbd:dc07:fe:4005::214b:0 - "GET /api/model-config HTTP/1.1" 200 OK
INFO:     fdbd:dc07:fe:4005::2227:0 - "GET /api/trash HTTP/1.1" 200 OK
INFO:     fdbd:dc07:fe:4005::2555:0 - "GET /favicon.svg HTTP/1.1" 200 OK
INFO:     fdbd:dc07:fe:4005::2751:0 - "GET / HTTP/1.1" 200 OK
INFO:     fdbd:dc07:fe:4005::223c:0 - "GET /assets/index-Dpwb2uh8.js HTTP/1.1" 200 OK
INFO:     fdbd:dc07:fe:4005::2558:0 - "GET /assets/index-BfMcJeh1.css HTTP/1.1" 200 OK
INFO:     fdbd:dc07:fe:4005::2751:0 - "GET /api/notes HTTP/1.1" 200 OK
INFO:     fdbd:dc07:fe:4005::231d:0 - "GET /api/tasks HTTP/1.1" 200 OK
INFO:     fdbd:dc07:fe:4005::2343:0 - "GET /api/notebooks HTTP/1.1" 200 OK
INFO:     fdbd:dc07:fe:4005::215e:0 - "GET /api/model-config HTTP/1.1" 200 OK
INFO:     fdbd:dc07:fe:4005::2138:0 - "GET /favicon.svg HTTP/1.1" 200 OK
INFO:     fdbd:dc07:fe:4005::255f:0 - "GET /api/trash HTTP/1.1" 200 OK
INFO:     fdbd:dc07:fe:4005::2345:0 - "GET / HTTP/1.1" 200 OK
INFO:     fdbd:dc07:fe:4005::224d:0 - "GET /assets/index-Dpwb2uh8.js HTTP/1.1" 200 OK
INFO:     fdbd:dc07:fe:4005::2043:0 - "GET /assets/index-BfMcJeh1.css HTTP/1.1" 200 OK
INFO:     fdbd:dc07:fe:4005::2356:0 - "GET /api/trash HTTP/1.1" 200 OK
INFO:     fdbd:dc07:fe:4005::233f:0 - "GET /api/notebooks HTTP/1.1" 200 OK
INFO:     fdbd:dc07:fe:4005::2662:0 - "GET /api/tasks HTTP/1.1" 200 OK
INFO:     fdbd:dc07:fe:4005::2452:0 - "GET /favicon.svg HTTP/1.1" 200 OK
INFO:     fdbd:dc07:fe:4005::2334:0 - "GET /api/model-config HTTP/1.1" 200 OK
INFO:     fdbd:dc07:fe:4005::223c:0 - "GET /api/notes HTTP/1.1" 200 OK
INFO:     fdbd:dc07:fe:4005::2750:0 - "GET /assets/index-BfMcJeh1.css HTTP/1.1" 304 Not Modified
INFO:     fdbd:dc07:fe:4005::2641:0 - "GET / HTTP/1.1" 200 OK
INFO:     fdbd:dc07:fe:4005::2653:0 - "GET /assets/index-DhyrLHYH.js HTTP/1.1" 200 OK
INFO:     fdbd:dc07:fe:4005::2520:0 - "GET /assets/index-C_LFrgpv.css HTTP/1.1" 200 OK
INFO:     fdbd:dc07:fe:4005::221a:0 - "GET /api/notebooks HTTP/1.1" 200 OK
INFO:     fdbd:dc07:fe:4005::2231:0 - "GET /api/notes HTTP/1.1" 200 OK
INFO:     fdbd:dc07:fe:4005::2544:0 - "GET /api/tasks HTTP/1.1" 200 OK
INFO:     fdbd:dc07:fe:4005::2061:0 - "GET /api/trash HTTP/1.1" 200 OK
INFO:     fdbd:dc07:fe:4005::2051:0 - "GET /api/model-config HTTP/1.1" 200 OK
INFO:     fdbd:dc07:fe:4005::2641:0 - "GET /favicon.svg HTTP/1.1" 200 OK
INFO:     fdbd:dc07:fe:4005::223f:0 - "PUT /api/notes/2 HTTP/1.1" 200 OK
INFO:     fdbd:dc07:fe:4005::2340:0 - "PUT /api/notes/2 HTTP/1.1" 200 OK
INFO:     fdbd:dc07:fe:4005::2440:0 - "PUT /api/notes/2 HTTP/1.1" 200 OK
INFO:     fdbd:dc07:fe:4005::2240:0 - "PUT /api/notes/2 HTTP/1.1" 200 OK
INFO:     fdbd:dc07:fe:4005::234a:0 - "PUT /api/notes/2 HTTP/1.1" 200 OK
INFO:     fdbd:dc07:fe:4005::2147:0 - "PUT /api/notes/2 HTTP/1.1" 200 OK
INFO:     fdbd:dc07:fe:4005::2337:0 - "PUT /api/notes/2 HTTP/1.1" 200 OK
INFO:     fdbd:dc07:fe:4005::212b:0 - "GET /assets/index-C_LFrgpv.css HTTP/1.1" 304 Not Modified
INFO:     fdbd:dc07:fe:4005::273a:0 - "PUT /api/notes/2 HTTP/1.1" 200 OK
INFO:     fdbd:dc07:fe:4005::2342:0 - "PUT /api/notes/2 HTTP/1.1" 200 OK
INFO:     fdbd:dc07:fe:4005::242f:0 - "PUT /api/notes/2 HTTP/1.1" 200 OK
INFO:     fdbd:dc07:fe:4005::251f:0 - "GET / HTTP/1.1" 200 OK
INFO:     fdbd:dc07:fe:4005::2103:0 - "GET /assets/index-DhyrLHYH.js HTTP/1.1" 200 OK
INFO:     fdbd:dc07:fe:4005::2561:0 - "GET /assets/index-C_LFrgpv.css HTTP/1.1" 200 OK
INFO:     fdbd:dc07:fe:4005::2342:0 - "GET /api/notes HTTP/1.1" 200 OK
INFO:     fdbd:dc07:fe:4005::235f:0 - "GET /api/notebooks HTTP/1.1" 200 OK
INFO:     fdbd:dc07:fe:4005::2519:0 - "GET /api/tasks HTTP/1.1" 200 OK
INFO:     fdbd:dc07:fe:4005::277e:0 - "GET /api/model-config HTTP/1.1" 200 OK
INFO:     fdbd:dc07:fe:4005::214f:0 - "GET /api/trash HTTP/1.1" 200 OK
INFO:     fdbd:dc07:fe:4005::213d:0 - "GET /favicon.svg HTTP/1.1" 200 OK
INFO:     fdbd:dc07:fe:4005::2131:0 - "PUT /api/notes/2 HTTP/1.1" 200 OK
INFO:     fdbd:dc07:fe:4005::223a:0 - "PUT /api/notes/2 HTTP/1.1" 200 OK
INFO:     fdbd:dc07:fe:4005::2557:0 - "PUT /api/notes/2 HTTP/1.1" 200 OK
INFO:     fdbd:dc07:fe:4005::2758:0 - "PUT /api/notes/2 HTTP/1.1" 200 OK
INFO:     fdbd:dc07:fe:4005::2630:0 - "GET / HTTP/1.1" 200 OK
INFO:     fdbd:dc07:fe:4005::2753:0 - "GET /assets/index-Dft1C-2Y.js HTTP/1.1" 200 OK
INFO:     fdbd:dc07:fe:4005::2463:0 - "GET /assets/index-sVKWMe_v.css HTTP/1.1" 200 OK
INFO:     fdbd:dc07:fe:4005::220f:0 - "GET /api/notebooks HTTP/1.1" 200 OK
INFO:     fdbd:dc07:fe:4005::2049:0 - "GET /api/notes HTTP/1.1" 200 OK
INFO:     fdbd:dc07:fe:4005::2432:0 - "GET /api/model-config HTTP/1.1" 200 OK
INFO:     fdbd:dc07:fe:4005::2760:0 - "GET /api/tasks HTTP/1.1" 200 OK
INFO:     fdbd:dc07:fe:4005::2557:0 - "GET /api/trash HTTP/1.1" 200 OK
INFO:     fdbd:dc07:fe:4005::234e:0 - "GET /favicon.svg HTTP/1.1" 200 OK
INFO:     fdbd:dc07:fe:4005::233e:0 - "GET /assets/index-sVKWMe_v.css HTTP/1.1" 304 Not Modified
INFO:     fdbd:dc07:fe:4005::2251:0 - "GET / HTTP/1.1" 200 OK
INFO:     fdbd:dc07:fe:4005::244c:0 - "GET /assets/index-Dft1C-2Y.js HTTP/1.1" 200 OK
INFO:     fdbd:dc07:fe:4005::2363:0 - "GET /assets/index-sVKWMe_v.css HTTP/1.1" 200 OK
INFO:     fdbd:dc07:fe:4005::2655:0 - "GET /api/notes HTTP/1.1" 200 OK
INFO:     fdbd:dc07:fe:4005::2151:0 - "GET /api/notebooks HTTP/1.1" 200 OK
INFO:     fdbd:dc07:fe:4005::2343:0 - "GET /api/tasks HTTP/1.1" 200 OK
INFO:     fdbd:dc07:fe:4005::2364:0 - "GET /api/model-config HTTP/1.1" 200 OK
INFO:     fdbd:dc07:fe:4005::2211:0 - "GET /api/trash HTTP/1.1" 200 OK
INFO:     fdbd:dc07:fe:4005::2754:0 - "GET /favicon.svg HTTP/1.1" 200 OK
INFO:     fdbd:dc07:fe:4005::234b:0 - "GET / HTTP/1.1" 200 OK
INFO:     fdbd:dc07:fe:4005::2760:0 - "GET /assets/index-Be5b44Eo.js HTTP/1.1" 200 OK
INFO:     fdbd:dc07:fe:4005::2543:0 - "GET /assets/index-B7rv3E9c.css HTTP/1.1" 200 OK
INFO:     fdbd:dc07:fe:4005::2233:0 - "GET /api/notebooks HTTP/1.1" 200 OK
INFO:     fdbd:dc07:fe:4005::235e:0 - "GET /api/notes HTTP/1.1" 200 OK
INFO:     fdbd:dc07:fe:4005::2624:0 - "GET /api/model-config HTTP/1.1" 200 OK
INFO:     fdbd:dc07:fe:4005::2723:0 - "GET /api/tasks HTTP/1.1" 200 OK
INFO:     fdbd:dc07:fe:4005::2421:0 - "GET /api/trash HTTP/1.1" 200 OK
INFO:     fdbd:dc07:fe:4005::2751:0 - "GET /favicon.svg HTTP/1.1" 200 OK
INFO:     fdbd:dc07:fe:4005::2746:0 - "PUT /api/notes/2 HTTP/1.1" 200 OK
INFO:     fdbd:dc07:fe:4005::2455:0 - "PUT /api/notes/2 HTTP/1.1" 200 OK
INFO:     fdbd:dc07:fe:4005::2168:0 - "PUT /api/notes/2 HTTP/1.1" 200 OK
INFO:     fdbd:dc07:fe:4005::2148:0 - "PUT /api/notes/2 HTTP/1.1" 200 OK
INFO:     fdbd:dc07:fe:4005::2046:0 - "PUT /api/notes/2 HTTP/1.1" 200 OK
INFO:     fdbd:dc07:fe:4005::2049:0 - "PUT /api/notes/2 HTTP/1.1" 200 OK
INFO:     fdbd:dc07:fe:4005::2032:0 - "GET / HTTP/1.1" 200 OK
INFO:     fdbd:dc07:fe:4005::2407:0 - "GET /assets/index-BFrNfZ--.js HTTP/1.1" 200 OK
INFO:     fdbd:dc07:fe:4005::264f:0 - "GET /assets/index-D9acBYMP.css HTTP/1.1" 200 OK
INFO:     fdbd:dc07:fe:4005::272b:0 - "GET /api/notes HTTP/1.1" 200 OK
INFO:     fdbd:dc07:fe:4005::2044:0 - "GET /api/notebooks HTTP/1.1" 200 OK
INFO:     fdbd:dc07:fe:4005::2629:0 - "GET /api/model-config HTTP/1.1" 200 OK
INFO:     fdbd:dc07:fe:4005::2527:0 - "GET /api/tasks HTTP/1.1" 200 OK
INFO:     fdbd:dc07:fe:4005::2662:0 - "GET /favicon.svg HTTP/1.1" 200 OK
INFO:     fdbd:dc07:fe:4005::273f:0 - "GET /api/trash HTTP/1.1" 200 OK
INFO:     fdbd:dc07:fe:4005::275a:0 - "PUT /api/notes/2 HTTP/1.1" 200 OK
INFO:     fdbd:dc07:fe:4005::212c:0 - "PUT /api/notes/2 HTTP/1.1" 200 OK
INFO:     fdbd:dc07:fe:4005::2750:0 - "PUT /api/notes/2 HTTP/1.1" 200 OK
INFO:     fdbd:dc07:fe:4005::2649:0 - "GET /assets/index-D9acBYMP.css HTTP/1.1" 304 Not Modified
INFO:     fdbd:dc07:fe:4005::262a:0 - "PUT /api/notes/2 HTTP/1.1" 200 OK
INFO:     fdbd:dc07:fe:4005::2558:0 - "PUT /api/notes/2 HTTP/1.1" 200 OK
INFO:     fdbd:dc07:fe:4005::2240:0 - "PUT /api/notes/2 HTTP/1.1" 200 OK
INFO:     fdbd:dc07:fe:4005::223c:0 - "GET / HTTP/1.1" 200 OK
INFO:     fdbd:dc07:fe:4005::264a:0 - "GET /assets/index-D9acBYMP.css HTTP/1.1" 200 OK
INFO:     fdbd:dc07:fe:4005::212c:0 - "GET /assets/index-BFrNfZ--.js HTTP/1.1" 200 OK
INFO:     fdbd:dc07:fe:4005::2256:0 - "GET /api/notebooks HTTP/1.1" 200 OK
INFO:     fdbd:dc07:fe:4005::215f:0 - "GET /api/notes HTTP/1.1" 200 OK
INFO:     fdbd:dc07:fe:4005::2449:0 - "GET /api/tasks HTTP/1.1" 200 OK
INFO:     fdbd:dc07:fe:4005::2515:0 - "GET /api/model-config HTTP/1.1" 200 OK
INFO:     fdbd:dc07:fe:4005::2420:0 - "GET /api/trash HTTP/1.1" 200 OK
INFO:     fdbd:dc07:fe:4005::264a:0 - "GET /favicon.svg HTTP/1.1" 200 OK
INFO:     fdbd:dc07:fe:4005::213a:0 - "PUT /api/notes/2 HTTP/1.1" 200 OK
INFO:     fdbd:dc07:fe:4005::2141:0 - "PUT /api/notes/2 HTTP/1.1" 200 OK
INFO:     fdbd:dc07:fe:4005::2546:0 - "GET / HTTP/1.1" 200 OK
INFO:     fdbd:dc07:fe:4005::2751:0 - "GET /assets/index-4pHx0fh9.js HTTP/1.1" 200 OK
INFO:     fdbd:dc07:fe:4005::2038:0 - "GET /assets/index-B3CqMdxp.css HTTP/1.1" 200 OK
INFO:     fdbd:dc07:fe:4005::205e:0 - "GET /api/notes HTTP/1.1" 200 OK
INFO:     fdbd:dc07:fe:4005::2423:0 - "GET /api/notebooks HTTP/1.1" 200 OK
INFO:     fdbd:dc07:fe:4005::2365:0 - "GET /api/tasks HTTP/1.1" 200 OK
INFO:     fdbd:dc07:fe:4005::217b:0 - "GET /api/model-config HTTP/1.1" 200 OK
INFO:     fdbd:dc07:fe:4005::2152:0 - "GET /favicon.svg HTTP/1.1" 200 OK
INFO:     fdbd:dc07:fe:4005::2345:0 - "GET /api/trash HTTP/1.1" 200 OK
INFO:     fdbd:dc07:fe:4005::2649:0 - "PUT /api/notes/2 HTTP/1.1" 200 OK
INFO:     fdbd:dc07:fe:4005::2425:0 - "GET /assets/index-B3CqMdxp.css HTTP/1.1" 304 Not Modified
INFO:     fdbd:dc07:fe:4005::222f:0 - "GET / HTTP/1.1" 200 OK
INFO:     fdbd:dc07:fe:4005::2433:0 - "GET /assets/index-BAfrOXGK.js HTTP/1.1" 200 OK
INFO:     fdbd:dc07:fe:4005::2424:0 - "GET /assets/index-B3CqMdxp.css HTTP/1.1" 200 OK
INFO:     fdbd:dc07:fe:4005::2456:0 - "GET /api/notes HTTP/1.1" 200 OK
INFO:     fdbd:dc07:fe:4005::222a:0 - "GET /api/notebooks HTTP/1.1" 200 OK
INFO:     fdbd:dc07:fe:4005::233f:0 - "GET /api/tasks HTTP/1.1" 200 OK
INFO:     fdbd:dc07:fe:4005::265b:0 - "GET /api/model-config HTTP/1.1" 200 OK
INFO:     fdbd:dc07:fe:4005::203e:0 - "GET /api/trash HTTP/1.1" 200 OK
INFO:     fdbd:dc07:fe:4005::251c:0 - "GET /favicon.svg HTTP/1.1" 200 OK
INFO:     fdbd:dc07:fe:4005::212d:0 - "GET / HTTP/1.1" 200 OK
INFO:     fdbd:dc07:fe:4005::204e:0 - "GET /assets/index-BAfrOXGK.js HTTP/1.1" 200 OK
INFO:     fdbd:dc07:fe:4005::2034:0 - "GET /assets/index-B3CqMdxp.css HTTP/1.1" 200 OK
INFO:     fdbd:dc07:fe:4005::202f:0 - "GET /api/notebooks HTTP/1.1" 200 OK
INFO:     fdbd:dc07:fe:4005::205b:0 - "GET /api/notes HTTP/1.1" 200 OK
INFO:     fdbd:dc07:fe:4005::2652:0 - "GET /api/model-config HTTP/1.1" 200 OK
INFO:     fdbd:dc07:fe:4005::223d:0 - "GET /api/tasks HTTP/1.1" 200 OK
INFO:     fdbd:dc07:fe:4005::2245:0 - "GET /favicon.svg HTTP/1.1" 200 OK
INFO:     fdbd:dc07:fe:4005::213b:0 - "GET /api/trash HTTP/1.1" 200 OK
INFO:     fdbd:dc07:fe:4005::2151:0 - "PUT /api/notes/2 HTTP/1.1" 200 OK
INFO:     fdbd:dc07:fe:4005::2105:0 - "GET / HTTP/1.1" 200 OK
INFO:     fdbd:dc07:fe:4005::2457:0 - "GET /assets/index-o5q4H4Bw.js HTTP/1.1" 200 OK
INFO:     fdbd:dc07:fe:4005::223a:0 - "GET /assets/index-Bz1DRXsE.css HTTP/1.1" 200 OK
INFO:     fdbd:dc07:fe:4005::234c:0 - "GET /api/notes HTTP/1.1" 200 OK
INFO:     fdbd:dc07:fe:4005::224f:0 - "GET /api/notebooks HTTP/1.1" 200 OK
INFO:     fdbd:dc07:fe:4005::2426:0 - "GET /api/tasks HTTP/1.1" 200 OK
INFO:     fdbd:dc07:fe:4005::262b:0 - "GET /api/model-config HTTP/1.1" 200 OK
INFO:     fdbd:dc07:fe:4005::2346:0 - "GET /api/trash HTTP/1.1" 200 OK
INFO:     fdbd:dc07:fe:4005::272c:0 - "GET /favicon.svg HTTP/1.1" 200 OK
INFO:     fdbd:dc07:fe:4005::205e:0 - "PUT /api/notes/2 HTTP/1.1" 200 OK
INFO:     fdbd:dc07:fe:4005::2435:0 - "PUT /api/notes/2 HTTP/1.1" 200 OK
INFO:     fdbd:dc07:fe:4005::2241:0 - "PUT /api/notes/2 HTTP/1.1" 200 OK
INFO:     fdbd:dc07:fe:4005::2357:0 - "GET / HTTP/1.1" 200 OK
INFO:     fdbd:dc07:fe:4005::2544:0 - "GET /assets/index-DpBssO0r.js HTTP/1.1" 200 OK
INFO:     fdbd:dc07:fe:4005::2262:0 - "GET /assets/index-COrxFAoM.css HTTP/1.1" 200 OK
INFO:     fdbd:dc07:fe:4005::2342:0 - "GET /api/notebooks HTTP/1.1" 200 OK
INFO:     fdbd:dc07:fe:4005::215e:0 - "GET /api/notes HTTP/1.1" 200 OK
INFO:     fdbd:dc07:fe:4005::275b:0 - "GET /api/model-config HTTP/1.1" 200 OK
INFO:     fdbd:dc07:fe:4005::2545:0 - "GET /api/tasks HTTP/1.1" 200 OK
INFO:     fdbd:dc07:fe:4005::2559:0 - "GET /favicon.svg HTTP/1.1" 200 OK
INFO:     fdbd:dc07:fe:4005::2547:0 - "GET /api/trash HTTP/1.1" 200 OK
INFO:     fdbd:dc07:fe:4005::2752:0 - "PUT /api/notes/2 HTTP/1.1" 200 OK
INFO:     fdbd:dc07:fe:4005::234a:0 - "PUT /api/notes/2 HTTP/1.1" 200 OK
INFO:     fdbd:dc07:fe:4005::2168:0 - "PUT /api/notes/2 HTTP/1.1" 200 OK
INFO:     fdbd:dc07:fe:4005::2040:0 - "PUT /api/notes/2 HTTP/1.1" 200 OK
INFO:     fdbd:dc07:fe:4005::2434:0 - "PUT /api/notes/2 HTTP/1.1" 200 OK
INFO:     fdbd:dc07:fe:4005::251b:0 - "PUT /api/notes/2 HTTP/1.1" 200 OK
INFO:     fdbd:dc07:fe:4005::225e:0 - "PUT /api/notes/2 HTTP/1.1" 200 OK
INFO:     fdbd:dc07:fe:4005::2115:0 - "GET / HTTP/1.1" 200 OK
INFO:     fdbd:dc07:fe:4005::2753:0 - "GET /assets/index-BFcrs-BN.css HTTP/1.1" 200 OK
INFO:     fdbd:dc07:fe:4005::2152:0 - "GET /assets/index-C-AA5N2F.js HTTP/1.1" 200 OK
INFO:     fdbd:dc07:fe:4005::2041:0 - "GET /api/notes HTTP/1.1" 200 OK
INFO:     fdbd:dc07:fe:4005::2366:0 - "GET /api/notebooks HTTP/1.1" 200 OK
INFO:     fdbd:dc07:fe:4005::2163:0 - "GET /api/model-config HTTP/1.1" 200 OK
INFO:     fdbd:dc07:fe:4005::2573:0 - "GET /api/tasks HTTP/1.1" 200 OK
INFO:     fdbd:dc07:fe:4005::224e:0 - "GET /api/trash HTTP/1.1" 200 OK
INFO:     fdbd:dc07:fe:4005::2060:0 - "GET /favicon.svg HTTP/1.1" 200 OK
INFO:     fdbd:dc07:fe:4005::223d:0 - "PUT /api/notes/2 HTTP/1.1" 200 OK
INFO:     fdbd:dc07:fe:4005::204b:0 - "PUT /api/notes/2 HTTP/1.1" 200 OK
INFO:     fdbd:dc07:fe:4005::2655:0 - "PUT /api/notes/2 HTTP/1.1" 200 OK
INFO:     fdbd:dc07:fe:4005::2256:0 - "PUT /api/notes/2 HTTP/1.1" 200 OK
INFO:     fdbd:dc07:fe:4005::2348:0 - "PUT /api/notes/2 HTTP/1.1" 200 OK
INFO:     fdbd:dc07:fe:4005::214c:0 - "PUT /api/notes/2 HTTP/1.1" 200 OK
INFO:     fdbd:dc07:fe:4005::2351:0 - "PUT /api/notes/2 HTTP/1.1" 200 OK
INFO:     fdbd:dc07:fe:4005::2047:0 - "PUT /api/notes/2 HTTP/1.1" 200 OK
INFO:     fdbd:dc07:fe:4005::215d:0 - "PUT /api/notes/2 HTTP/1.1" 200 OK
INFO:     fdbd:dc07:fe:4005::2569:0 - "PUT /api/notes/2 HTTP/1.1" 200 OK
INFO:     fdbd:dc07:fe:4005::2358:0 - "PUT /api/notes/2 HTTP/1.1" 200 OK
INFO:     fdbd:dc07:fe:4005::267a:0 - "PUT /api/notes/2 HTTP/1.1" 200 OK
INFO:     fdbd:dc07:fe:4005::266a:0 - "GET / HTTP/1.1" 200 OK
INFO:     fdbd:dc07:fe:4005::2035:0 - "GET /assets/index-DEnxHLll.js HTTP/1.1" 200 OK
INFO:     fdbd:dc07:fe:4005::2741:0 - "GET /assets/index-DFASmkPU.css HTTP/1.1" 200 OK
INFO:     fdbd:dc07:fe:4005::2169:0 - "GET /api/notebooks HTTP/1.1" 200 OK
INFO:     fdbd:dc07:fe:4005::2427:0 - "GET /api/notes HTTP/1.1" 200 OK
INFO:     fdbd:dc07:fe:4005::251e:0 - "GET /api/model-config HTTP/1.1" 200 OK
INFO:     fdbd:dc07:fe:4005::264b:0 - "GET /api/tasks HTTP/1.1" 200 OK
INFO:     fdbd:dc07:fe:4005::2739:0 - "GET /api/trash HTTP/1.1" 200 OK
INFO:     fdbd:dc07:fe:4005::254f:0 - "GET /favicon.svg HTTP/1.1" 200 OK
INFO:     fdbd:dc07:fe:4005::2762:0 - "PUT /api/notes/2 HTTP/1.1" 200 OK
INFO:     fdbd:dc07:fe:4005::2621:0 - "PUT /api/notes/2 HTTP/1.1" 200 OK
INFO:     fdbd:dc07:fe:4005::2545:0 - "PUT /api/notes/2 HTTP/1.1" 200 OK
INFO:     fdbd:dc07:fe:4005::255c:0 - "PUT /api/notes/2 HTTP/1.1" 200 OK
INFO:     fdbd:dc07:fe:4005::2036:0 - "PUT /api/notes/2 HTTP/1.1" 200 OK
INFO:     fdbd:dc07:fe:4005::263f:0 - "PUT /api/notes/2 HTTP/1.1" 200 OK
INFO:     fdbd:dc07:fe:4005::223d:0 - "PUT /api/notes/2 HTTP/1.1" 200 OK
INFO:     fdbd:dc07:fe:4005::255a:0 - "PUT /api/notes/2 HTTP/1.1" 200 OK
INFO:     fdbd:dc07:fe:4005::234b:0 - "PUT /api/notes/2 HTTP/1.1" 200 OK
INFO:     fdbd:dc07:fe:4005::2756:0 - "PUT /api/notes/2 HTTP/1.1" 200 OK
INFO:     fdbd:dc07:fe:4005::223e:0 - "GET / HTTP/1.1" 200 OK
INFO:     fdbd:dc07:fe:4005::217c:0 - "GET /assets/index-D15_AyiP.js HTTP/1.1" 200 OK
INFO:     fdbd:dc07:fe:4005::2047:0 - "GET /assets/index-CThwvVlC.css HTTP/1.1" 200 OK
INFO:     fdbd:dc07:fe:4005::2230:0 - "GET /api/notes HTTP/1.1" 200 OK
INFO:     fdbd:dc07:fe:4005::2041:0 - "GET /api/notebooks HTTP/1.1" 200 OK
INFO:     fdbd:dc07:fe:4005::2359:0 - "GET /api/tasks HTTP/1.1" 200 OK
INFO:     fdbd:dc07:fe:4005::2139:0 - "GET /api/model-config HTTP/1.1" 200 OK
INFO:     fdbd:dc07:fe:4005::2432:0 - "GET /api/trash HTTP/1.1" 200 OK
INFO:     fdbd:dc07:fe:4005::262a:0 - "GET /favicon.svg HTTP/1.1" 200 OK
INFO:     fdbd:dc07:fe:4005::223b:0 - "GET /assets/index-CThwvVlC.css HTTP/1.1" 304 Not Modified
INFO:     fdbd:dc07:fe:4005::2456:0 - "PUT /api/notes/2 HTTP/1.1" 200 OK
INFO:     fdbd:dc07:fe:4005::2644:0 - "PUT /api/notes/2 HTTP/1.1" 200 OK
INFO:     fdbd:dc07:fe:4005::2655:0 - "PUT /api/notes/2 HTTP/1.1" 200 OK
INFO:     fdbd:dc07:fe:4005::2428:0 - "PUT /api/notes/2 HTTP/1.1" 200 OK
INFO:     fdbd:dc07:fe:4005::2546:0 - "PUT /api/notes/2 HTTP/1.1" 200 OK
INFO:     fdbd:dc07:fe:4005::2656:0 - "GET / HTTP/1.1" 200 OK
INFO:     fdbd:dc07:fe:4005::2441:0 - "GET /assets/index-D15_AyiP.js HTTP/1.1" 200 OK
INFO:     fdbd:dc07:fe:4005::223d:0 - "GET /assets/index-CThwvVlC.css HTTP/1.1" 200 OK
INFO:     fdbd:dc07:fe:4005::2149:0 - "GET /api/notes HTTP/1.1" 200 OK
INFO:     fdbd:dc07:fe:4005::2547:0 - "GET /api/notebooks HTTP/1.1" 200 OK
INFO:     fdbd:dc07:fe:4005::264b:0 - "GET /api/tasks HTTP/1.1" 200 OK
INFO:     fdbd:dc07:fe:4005::2116:0 - "GET /api/model-config HTTP/1.1" 200 OK
INFO:     fdbd:dc07:fe:4005::224f:0 - "GET /favicon.svg HTTP/1.1" 200 OK
INFO:     fdbd:dc07:fe:4005::213d:0 - "GET /api/trash HTTP/1.1" 200 OK
INFO:     fdbd:dc07:fe:4005::2556:0 - "GET / HTTP/1.1" 200 OK
INFO:     fdbd:dc07:fe:4005::2025:0 - "GET /assets/index-CJ0d7Ju9.js HTTP/1.1" 200 OK
INFO:     fdbd:dc07:fe:4005::2760:0 - "GET /assets/index-DEok8m9Q.css HTTP/1.1" 200 OK
INFO:     fdbd:dc07:fe:4005::2557:0 - "GET /api/notes HTTP/1.1" 200 OK
INFO:     fdbd:dc07:fe:4005::272d:0 - "GET /api/notebooks HTTP/1.1" 200 OK
INFO:     fdbd:dc07:fe:4005::255b:0 - "GET /api/model-config HTTP/1.1" 200 OK
INFO:     fdbd:dc07:fe:4005::204e:0 - "GET /api/tasks HTTP/1.1" 200 OK
INFO:     fdbd:dc07:fe:4005::2466:0 - "GET /api/trash HTTP/1.1" 200 OK
INFO:     fdbd:dc07:fe:4005::2563:0 - "GET /favicon.svg HTTP/1.1" 200 OK
INFO:     fdbd:dc07:fe:4005::2106:0 - "PUT /api/notes/2 HTTP/1.1" 200 OK
INFO:     fdbd:dc07:fe:4005::205f:0 - "PUT /api/notes/2 HTTP/1.1" 200 OK
INFO:     fdbd:dc07:fe:4005::2421:0 - "PUT /api/notes/2 HTTP/1.1" 200 OK
INFO:     fdbd:dc07:fe:4005::2263:0 - "GET /favicon.svg HTTP/1.1" 200 OK
INFO:     fdbd:dc07:fe:4005::2548:0 - "PUT /api/notes/2 HTTP/1.1" 200 OK
INFO:     fdbd:dc07:fe:4005::2235:0 - "PUT /api/notes/2 HTTP/1.1" 200 OK
INFO:     fdbd:dc07:fe:4005::2564:0 - "GET /assets/index-DEok8m9Q.css HTTP/1.1" 304 Not Modified
INFO:     fdbd:dc07:fe:4005::2154:0 - "GET / HTTP/1.1" 200 OK
INFO:     fdbd:dc07:fe:4005::2435:0 - "GET /assets/index-DEok8m9Q.css HTTP/1.1" 200 OK
INFO:     fdbd:dc07:fe:4005::2037:0 - "GET /assets/index-BYMZLFnO.js HTTP/1.1" 200 OK
INFO:     fdbd:dc07:fe:4005::234c:0 - "GET /api/notes HTTP/1.1" 200 OK
INFO:     fdbd:dc07:fe:4005::2456:0 - "GET /api/notebooks HTTP/1.1" 200 OK
INFO:     fdbd:dc07:fe:4005::2748:0 - "GET /api/tasks HTTP/1.1" 200 OK
INFO:     fdbd:dc07:fe:4005::266c:0 - "GET /api/model-config HTTP/1.1" 200 OK
INFO:     fdbd:dc07:fe:4005::215f:0 - "GET /api/trash HTTP/1.1" 200 OK
INFO:     fdbd:dc07:fe:4005::2458:0 - "GET /favicon.svg HTTP/1.1" 200 OK
INFO:     fdbd:dc07:fe:4005::2030:0 - "GET / HTTP/1.1" 200 OK
INFO:     fdbd:dc07:fe:4005::2040:0 - "GET /assets/index-BYMZLFnO.js HTTP/1.1" 200 OK
INFO:     fdbd:dc07:fe:4005::2749:0 - "GET /assets/index-DEok8m9Q.css HTTP/1.1" 200 OK
INFO:     fdbd:dc07:fe:4005::2657:0 - "GET /api/notes HTTP/1.1" 200 OK
INFO:     fdbd:dc07:fe:4005::2250:0 - "GET /api/notebooks HTTP/1.1" 200 OK
INFO:     fdbd:dc07:fe:4005::2566:0 - "GET /api/tasks HTTP/1.1" 200 OK
INFO:     fdbd:dc07:fe:4005::2409:0 - "GET /api/model-config HTTP/1.1" 200 OK
INFO:     fdbd:dc07:fe:4005::2422:0 - "GET /api/trash HTTP/1.1" 200 OK
INFO:     fdbd:dc07:fe:4005::2714:0 - "GET /favicon.svg HTTP/1.1" 200 OK
INFO:     fdbd:dc07:fe:4005::212e:0 - "GET / HTTP/1.1" 200 OK
INFO:     fdbd:dc07:fe:4005::272e:0 - "GET /assets/index-CsxLiBEc.js HTTP/1.1" 200 OK
INFO:     fdbd:dc07:fe:4005::256a:0 - "GET /assets/index-DEok8m9Q.css HTTP/1.1" 200 OK
INFO:     fdbd:dc07:fe:4005::266b:0 - "GET /api/notes HTTP/1.1" 200 OK
INFO:     fdbd:dc07:fe:4005::2658:0 - "GET /api/notebooks HTTP/1.1" 200 OK
INFO:     fdbd:dc07:fe:4005::234d:0 - "GET /api/model-config HTTP/1.1" 200 OK
INFO:     fdbd:dc07:fe:4005::2559:0 - "GET /api/tasks HTTP/1.1" 200 OK
INFO:     fdbd:dc07:fe:4005::2117:0 - "GET /favicon.svg HTTP/1.1" 200 OK
INFO:     fdbd:dc07:fe:4005::2443:0 - "GET /api/trash HTTP/1.1" 200 OK
INFO:     fdbd:dc07:fe:4005::266f:0 - "POST /api/media/upload/init HTTP/1.1" 405 Method Not Allowed
INFO:     fdbd:dc07:fe:4005::2340:0 - "PUT /api/notes/2 HTTP/1.1" 200 OK
INFO:     fdbd:dc07:fe:4005::2107:0 - "PUT /api/notes/2 HTTP/1.1" 200 OK
